2024-10-11 11:15:15,703 - INFO - 'processed' column already exists in tracks table
2024-10-11 11:15:15,707 - INFO - Performing full album check
2024-10-11 11:15:15,722 - INFO - User authentication requires interaction with your web browser. Once you enter your credentials and give authorization, you will be redirected to a url.  Paste that url you were directed to to complete the authorization.
2024-10-11 11:15:16,157 - INFO - Opened https://accounts.spotify.com/authorize?client_id=b185392384fe41a58742246177d44f46&response_type=code&redirect_uri=http%3A%2F%2Flocalhost%3A8888%2Fcallback&scope=user-library-read+user-library-modify in your browser
2024-10-11 11:15:17,249 - INFO - Saved album 0CvU96jYCiNP4c9u8dWHoI to library
2024-10-11 11:15:17,942 - INFO - Saved album 0DBkFC6739trhCoVreZyds to library
2024-10-11 11:15:18,344 - INFO - Saved album 0aqZJlugIkTUWW1sa4BANp to library
2024-10-11 11:15:18,630 - INFO - Saved album 1HrMmB5useeZ0F5lHrMvl0 to library
2024-10-11 11:15:18,963 - INFO - Saved album 1zOxlHQGGV6EH7n4OIFTyh to library
2024-10-11 11:15:20,055 - INFO - Saved album 7aPolrSqVawIhC7iTo2b5F to library
2024-10-11 11:15:20,349 - INFO - Saved album 1bKiiYGt1fzm9YMlTnUqpN to library
2024-10-11 11:15:21,408 - INFO - Saved album 0ACOqjq9mQuCZry2kj5zkB to library
2024-10-11 11:15:22,117 - INFO - Saved album 1JpaFJzzcsiulO6MdIcQdK to library
2024-10-11 11:15:22,420 - INFO - Saved album 1JvXxLsm0PxlGH4LXzqMGq to library
2024-10-11 11:15:23,062 - INFO - Saved album 1kCHru7uhxBUdzkm4gzRQc to library
2024-10-11 11:15:23,358 - INFO - Saved album 1xJHno7SmdVtZAtXbdbDZp to library
2024-10-11 11:15:23,685 - INFO - Saved album 22PkV1Le9P3X4RY4xtmK0q to library
2024-10-11 11:15:24,440 - INFO - Saved album 2LpfNj3vB5rOXfaawLcOBg to library
2024-10-11 11:15:25,157 - INFO - Saved album 2lIZef4lzdvZkiiCzvPKj7 to library
2024-10-11 11:15:25,495 - INFO - Saved album 316O0Xetgx2NJLRgJBw4uq to library
2024-10-11 11:15:26,064 - INFO - Saved album 3Td1c2eAXaFzU4F8QCbFbp to library
2024-10-11 11:15:26,375 - INFO - Saved album 3V18DIKvRuwdxc2LE4wuac to library
2024-10-11 11:15:26,802 - INFO - Saved album 3uAJ0QKjvQMkt4bI79qyIC to library
2024-10-11 11:15:27,206 - INFO - Saved album 3uLHeL4d8aILBRlfpWNPYM to library
2024-10-11 11:15:27,939 - INFO - Saved album 4rXBcuJMRSt4izAwXNrTQu to library
2024-10-11 11:15:30,666 - INFO - Saved album 5fsHlC9EpjSlQ29ydH99e8 to library
2024-10-11 11:15:30,968 - INFO - Saved album 5xnXOCf5aZgZ43DgGN4EDv to library
2024-10-11 11:15:31,224 - INFO - Saved album 6gKMWnGptVs6yT2MgCxw29 to library
2024-10-11 11:15:31,866 - INFO - Saved album 6lv4VsOifcDlodwAYPGtQM to library
2024-10-11 11:15:32,189 - INFO - Saved album 78bpIziExqiI9qztvNFlQu to library
2024-10-11 11:15:33,056 - INFO - Saved album 7fJJK56U9fHixgO0HQkhtI to library
2024-10-11 11:15:33,949 - INFO - Saved album 0aldG5AoqOUDkEbsGtI9TW to library
2024-10-11 11:15:34,630 - INFO - Saved album 1VHxShkFJR9xA281epCtkz to library
2024-10-11 11:15:35,032 - INFO - Saved album 1ZH5g1RDq3GY1OvyD0w0s2 to library
2024-10-11 11:15:35,462 - INFO - Saved album 1cTeNkeINtXiaMLlashAKs to library
2024-10-11 11:15:35,778 - INFO - Saved album 1j3pIPXjLIFkp84OfVUsNT to library
2024-10-11 11:15:36,307 - INFO - Saved album 23O4F21GDWiGd33tFN3ZgI to library
2024-10-11 11:15:36,572 - INFO - Saved album 2KqSL3vLfyVO7rrZJL9tUs to library
2024-10-11 11:15:37,930 - INFO - Saved album 3GmCXW10kLxmZrEY0JpRlw to library
2024-10-11 11:15:38,490 - INFO - Saved album 47hOpZQfXVIRzTiv0Ef8pO to library
2024-10-11 11:15:38,832 - INFO - Saved album 4M6s2jbhKWEcOdXZ8WiHts to library
2024-10-11 11:15:39,218 - INFO - Saved album 4bJCKmpKgti10f3ltz6LLl to library
2024-10-11 11:15:39,788 - INFO - Saved album 5BvgP623rtvlc0HDcpzquz to library
2024-10-11 11:15:40,099 - INFO - Saved album 5TGZvGolR6PoM1zYYyZNzX to library
2024-10-11 11:15:41,772 - INFO - Saved album 6FCzvataOZh68j8OKzOt9a to library
2024-10-11 11:15:42,149 - INFO - Saved album 6QaVfG1pHYl1z15ZxkvVDW to library
2024-10-11 11:15:42,547 - INFO - Saved album 6WaIQHxEHtZL0RZ62AuY0g to library
2024-10-11 11:15:42,903 - INFO - Saved album 79thwyFL6Uo6rgTp3YWEAf to library
2024-10-11 11:15:43,710 - INFO - Saved album 7EJ0OT5ZqybXxcYRa6mccM to library
2024-10-11 11:15:44,033 - INFO - Saved album 7o14zVcXSRk7clV6QCEdOD to library
2024-10-11 11:15:44,272 - INFO - Saved album 7uY33jif5UdSkvWjFViwYu to library
2024-10-11 11:15:44,884 - INFO - Saved album 0PT5m6hwPRrpBwIHVnvbFX to library
2024-10-11 11:15:45,231 - INFO - Saved album 0SFtIrRytNI4kcf93Tbhdf to library
2024-10-11 11:15:48,325 - INFO - Saved album 1K8YcEnJG2t7vifbRCOS69 to library
2024-10-11 11:15:48,754 - INFO - Saved album 1QSo9HgowUqAc5BI3AdkqN to library
2024-10-11 11:15:49,485 - INFO - Saved album 1klALx0u4AavZNEvC4LrTL to library
2024-10-11 11:15:49,956 - INFO - Saved album 1y3abw64BlSEeFuuhjlke1 to library
2024-10-11 11:15:50,332 - INFO - Saved album 28Pt7Q4ikXNPOEbtGnKlFA to library
2024-10-11 11:15:50,664 - INFO - Saved album 29m6DinzdaD0OPqWKGyMdz to library
2024-10-11 11:15:51,024 - INFO - Saved album 2fenSS68JI1h4Fo296JfGr to library
2024-10-11 11:15:51,677 - INFO - Saved album 3KzAvEXcqJKBF97HrXwlgf to library
2024-10-11 11:15:52,262 - INFO - Saved album 4FR8Z6TvIsC56NLyNomNRE to library
2024-10-11 11:15:52,599 - INFO - Saved album 4GrFuXwRmEBJec22p58fsD to library
2024-10-11 11:15:52,926 - INFO - Saved album 4NP1rhnsPdYpnyJP0p0k0L to library
2024-10-11 11:15:53,202 - INFO - Saved album 4O0noIPlmEkVFvyj7TOKpA to library
2024-10-11 11:15:54,156 - INFO - Saved album 50o7kf2wLwVmOTVYJOTplm to library
2024-10-11 11:15:58,058 - INFO - Removed duplicate album 1K8YcEnJG2t7vifbRCOS69
2024-10-11 11:15:58,114 - INFO - Saved album 6o86bV7TAt5x4exc2qLDqC to library
2024-10-11 11:15:58,799 - INFO - Saved album 6wCttLq0ADzkPgtRnUihLV to library
2024-10-11 11:15:59,167 - INFO - Saved album 79ONNoS4M9tfIA1mYLBYVX to library
2024-10-11 11:16:00,165 - INFO - Saved album 1Jv2AqzhgsduUik2p4k3cS to library
2024-10-11 11:16:00,882 - INFO - Saved album 1aYdiJk6XKeHWGO3FzHHTr to library
2024-10-11 11:16:01,680 - INFO - Saved album 2BtE7qm1qzM80p9vLSiXkj to library
2024-10-11 11:16:02,288 - INFO - Saved album 2QqocFdpBkxOBLcIRo6UuJ to library
2024-10-11 11:16:02,561 - INFO - Saved album 2WT1pbYjLJciAR26yMebkH to library
2024-10-11 11:16:02,862 - INFO - Saved album 2XOwIbRcNFIBFvGEHDSBQk to library
2024-10-11 11:16:03,631 - INFO - Saved album 2xoj2gYed3IYmGWn3owSfu to library
2024-10-11 11:16:03,920 - INFO - Saved album 35UJLpClj5EDrhpNIi4DFg to library
2024-10-11 11:16:04,349 - INFO - Saved album 35qVMfUfBN6q2xzm9rZn5a to library
2024-10-11 11:16:05,464 - INFO - Saved album 3AQgdwMNCiN7awXch5fAaG to library
2024-10-11 11:16:05,814 - INFO - Saved album 3GU8BzFEAdFSRjc8jZkL3S to library
2024-10-11 11:16:06,101 - INFO - Saved album 3PRoXYsngSwjEQWR5PsHWR to library
2024-10-11 11:16:06,719 - INFO - Saved album 3TZuLZx0zB3Q45aQXDswb9 to library
2024-10-11 11:16:07,171 - INFO - Saved album 3UVJu0QdTJBfGJBl1AMWEM to library
2024-10-11 11:16:08,249 - INFO - Saved album 4eLPsYPBmXABThSJ821sqY to library
2024-10-11 11:16:10,740 - INFO - Saved album 4fvsd8sC8ExZgdIUSzSYGX to library
2024-10-11 11:16:11,057 - INFO - Saved album 4sLCQxMRfn3gAHrBNZtbTH to library
2024-10-11 11:16:11,682 - INFO - Saved album 5G5UwqPsxDKpxJLX4xsyuh to library
2024-10-11 11:16:12,042 - INFO - Saved album 5mzoI3VH0ZWk1pLFR6RoYy to library
2024-10-11 11:16:13,359 - INFO - Saved album 6126O4XLYAfzU3961ziahP to library
2024-10-11 11:16:13,900 - INFO - Saved album 69CmkikTHkGKdkrUZTtyWl to library
2024-10-11 11:16:14,150 - INFO - Saved album 6ZB8qaR9JNuS0Q0bG1nbcH to library
2024-10-11 11:16:14,417 - INFO - Saved album 6dVIqQ8qmQ5GBnJ9shOYGE to library
2024-10-11 11:16:15,839 - INFO - Saved album 7gsWAHLeT0w7es6FofOXk1 to library
2024-10-11 11:16:17,120 - INFO - Saved album 0nk2rC0we8j9qE0v2yMDt4 to library
2024-10-11 11:16:17,432 - INFO - Saved album 0um9FI6BLBldL5POP4D4Cw to library
2024-10-11 11:16:17,797 - INFO - Saved album 1To7kv722A8SpZF789MZy7 to library
2024-10-11 11:16:19,657 - INFO - Saved album 5wc12ZsmXNIlppTmNFZFLU to library
2024-10-11 11:16:20,330 - INFO - Saved album 748dZDqSZy6aPXKcI9H80u to library
2024-10-11 11:16:20,685 - INFO - Saved album 7DC0pE943VR5tAKIvQXHts to library
2024-10-11 11:16:22,061 - INFO - Saved album 17g3sAeWfpHSJlqMHuRAr6 to library
2024-10-11 11:16:22,419 - INFO - Saved album 19bQiwEKhXUBJWY6oV3KZk to library
2024-10-11 11:16:23,412 - INFO - Saved album 1XkGORuUX2QGOEIL4EbJKm to library
2024-10-11 11:16:24,134 - INFO - Saved album 1ycq58KRtWt3wFtbuIkvLn to library
2024-10-11 11:16:24,572 - INFO - Saved album 34LxHI9x14qXUOS8AWRrYD to library
2024-10-11 11:16:24,879 - INFO - Saved album 34UIFF2mDOl7JN0QdmMjPg to library
2024-10-11 11:16:25,432 - INFO - Saved album 5LASDBDtLLEt3QqVtgOoaM to library
2024-10-11 11:16:27,303 - INFO - Saved album 5YlBA1tCY0M8DDs75RB2LY to library
2024-10-11 11:16:27,856 - INFO - Saved album 6CmlLROLOUJZnZ8QeCCpqD to library
2024-10-11 11:16:28,848 - INFO - Saved album 6tOe4eAF8xNhEkl9WyvsE4 to library
2024-10-11 11:16:29,508 - INFO - Saved album 0S0KGZnfBGSIssfF54WSJh to library
2024-10-11 11:16:30,039 - INFO - Saved album 0r9awI5WRCZpwk0aVQ4bKO to library
2024-10-11 11:16:31,231 - INFO - Saved album 20r762YmB5HeofjMCiPMLv to library
2024-10-11 11:16:31,557 - INFO - Saved album 2CNEkSE8TADXRT2AzcEt1b to library
2024-10-11 11:16:33,500 - INFO - Saved album 4SZko61aMnmgvNhfhgTuD3 to library
2024-10-11 11:16:33,834 - INFO - Saved album 4hnqM0JK4CM1phwfq1Ldyz to library
