2024-10-13 17:24:22,071 - INFO - Searching for track: Charli xcx - 365 (Album: BRAT, Play count: 1411)
2024-10-13 17:24:22,071 - INFO - User authentication requires interaction with your web browser. Once you enter your credentials and give authorization, you will be redirected to a url.  Paste that url you were directed to to complete the authorization.
2024-10-13 17:24:22,740 - INFO - Opened https://accounts.spotify.com/authorize?client_id=b185392384fe41a58742246177d44f46&response_type=code&redirect_uri=http%3A%2F%2Flocalhost%3A8888%2Fcallback&scope=playlist-modify-private+playlist-modify-public in your browser
2024-10-13 17:24:23,454 - INFO - Found exact match: Charli xcx - 365 (BRAT)
2024-10-13 17:24:23,454 - INFO - Searching for track: Charli XCX - Apple (Album: BRAT, Play count: 1075)
2024-10-13 17:24:23,754 - INFO - Found exact match: Charli xcx - Apple (BRAT)
2024-10-13 17:24:23,754 - INFO - Searching for track: Fontaines D.C. - Starburster (Album: Romance, Play count: 729)
2024-10-13 17:24:24,042 - INFO - Found exact match: Fontaines D.C. - Starburster (Romance)
2024-10-13 17:24:24,042 - INFO - Searching for track: Fontaines D.C. - Favourite (Album: Romance, Play count: 728)
2024-10-13 17:24:24,251 - INFO - Found exact match: Fontaines D.C. - Favourite (Romance)
2024-10-13 17:24:24,251 - INFO - Searching for track: Charli XCX - the girl, so confusing version with lorde (Album: the girl, so confusing version with lorde, Play count: 602)
2024-10-13 17:24:24,819 - WARNING - Could not find exact match on Spotify: Charli XCX - the girl, so confusing version with lorde (the girl, so confusing version with lorde)
2024-10-13 17:24:25,091 - INFO - Added closest match: Charli xcx - The girl, so confusing version with lorde (GYM TIME - ALL POP UP!)
2024-10-13 17:24:25,091 - INFO - Searching for track: Charli XCX - talk talk featuring troye sivan (Album: talk talk featuring troye sivan, Play count: 561)
2024-10-13 17:24:25,284 - INFO - Found exact match: Charli xcx - Talk talk featuring troye sivan (Talk talk featuring troye sivan)
2024-10-13 17:24:25,284 - INFO - Searching for track: Charli xcx - 360 (Album: BRAT, Play count: 558)
2024-10-13 17:24:25,524 - INFO - Found exact match: Charli xcx - 360 (BRAT)
2024-10-13 17:24:25,524 - INFO - Searching for track: Charli XCX - Von dutch (Album: BRAT, Play count: 460)
2024-10-13 17:24:25,711 - INFO - Found exact match: Charli xcx - Von dutch (BRAT)
2024-10-13 17:24:25,711 - INFO - Searching for track: Charli XCX - Mean girls (Album: BRAT, Play count: 458)
2024-10-13 17:24:25,860 - INFO - Found exact match: Charli xcx - Mean girls (BRAT)
2024-10-13 17:24:25,860 - INFO - Searching for track: Fontaines D.C. - Bug (Album: Romance, Play count: 448)
2024-10-13 17:24:26,009 - INFO - Found exact match: Fontaines D.C. - Bug (Romance)
2024-10-13 17:24:26,009 - INFO - Searching for track: Sabrina Carpenter - Please Please Please (Album: Please Please Please, Play count: 434)
2024-10-13 17:24:26,162 - INFO - Found exact match: Sabrina Carpenter - Please Please Please (Please Please Please)
2024-10-13 17:24:26,162 - INFO - Searching for track: Fontaines D.C. - Here's The Thing (Album: Romance, Play count: 393)
2024-10-13 17:24:26,341 - INFO - Found exact match: Fontaines D.C. - Here's The Thing (Romance)
2024-10-13 17:24:26,342 - INFO - Searching for track: Elliott Smith - St. Ides Heaven (Album: Elliott Smith, Play count: 380)
2024-10-13 17:24:26,524 - INFO - Found exact match: Elliott Smith - St. Ides Heaven (Elliott Smith)
2024-10-13 17:24:26,524 - INFO - Searching for track: Charli XCX - Guess (Album: Brat and it’s the same but there’s three more songs so it’s not, Play count: 360)
2024-10-13 17:24:26,671 - INFO - Found exact match: Charli xcx - Guess (Brat and it’s the same but there’s three more songs so it’s not)
2024-10-13 17:24:26,671 - INFO - Searching for track: Elliott Smith - Speed Trials (Album: Either/Or, Play count: 350)
2024-10-13 17:24:26,832 - INFO - Found exact match: Elliott Smith - Speed Trials (Either/Or)
2024-10-13 17:24:26,860 - INFO - Searching for track: Radiohead - Jigsaw Falling Into Place (Album: In Rainbows, Play count: 294)
2024-10-13 17:24:27,116 - INFO - Found exact match: Radiohead - Jigsaw Falling Into Place (In Rainbows)
2024-10-13 17:24:27,116 - INFO - Searching for track: Magdalena Bay - Tunnel Vision (Album: Imaginal Disk, Play count: 281)
2024-10-13 17:24:27,301 - INFO - Found exact match: Magdalena Bay - Tunnel Vision (Imaginal Disk)
2024-10-13 17:24:27,302 - INFO - Searching for track: Charli XCX - Sympathy is a knife (Album: BRAT, Play count: 278)
2024-10-13 17:24:27,494 - INFO - Found exact match: Charli xcx - Sympathy is a knife (BRAT)
2024-10-13 17:24:27,494 - INFO - Searching for track: Charli XCX - B2b (Album: BRAT, Play count: 278)
2024-10-13 17:24:27,718 - INFO - Found exact match: Charli xcx - B2b (BRAT)
2024-10-13 17:24:27,718 - INFO - Searching for track: Olivia Dean - Ladies Room (Album: Messy, Play count: 271)
2024-10-13 17:24:27,968 - INFO - Found exact match: Olivia Dean - Ladies Room (Messy)
2024-10-13 17:24:27,968 - INFO - Searching for track: Elliott Smith - Say Yes - Remastered 2017 (Album: Either/Or (Expanded Edition), Play count: 225)
2024-10-13 17:24:28,152 - INFO - Found exact match: Elliott Smith - Say Yes - Remastered 2017 (Either/Or (Expanded Edition))
2024-10-13 17:24:28,152 - INFO - Searching for track: Neil Young - My My, Hey Hey (Out of the Blue) - 2016 Remaster (Album: Rust Never Sleeps, Play count: 212)
2024-10-13 17:24:28,300 - INFO - Found exact match: Neil Young - My My, Hey Hey (Out of the Blue) - 2016 Remaster (Rust Never Sleeps)
2024-10-13 17:24:28,300 - INFO - Searching for track: MJ Lenderman - You Don't Know The Shape I'm In (Album: Manning Fireworks, Play count: 198)
2024-10-13 17:24:28,438 - INFO - Found exact match: MJ Lenderman - You Don't Know The Shape I'm In (Manning Fireworks)
2024-10-13 17:24:28,438 - INFO - Searching for track: Dave - Thiago Silva (Album: Thiago Silva, Play count: 197)
2024-10-13 17:24:28,615 - INFO - Found exact match: Dave - Thiago Silva (Thiago Silva)
2024-10-13 17:24:28,615 - INFO - Searching for track: Bo Burnham - Look Who’s Inside Again (Album: Inside, Play count: 196)
2024-10-13 17:24:28,756 - INFO - Found exact match: Bo Burnham - Look Who’s Inside Again (INSIDE)
2024-10-13 17:24:28,756 - INFO - Searching for track: The Last Dinner Party - Nothing Matters (Album: Prelude to Ecstasy, Play count: 194)
2024-10-13 17:24:28,948 - INFO - Found exact match: The Last Dinner Party - Nothing Matters (Prelude to Ecstasy)
2024-10-13 17:24:28,949 - INFO - Searching for track: Charli XCX - Talk talk (Album: BRAT, Play count: 179)
2024-10-13 17:24:29,161 - INFO - Found exact match: Charli xcx - Talk talk (BRAT)
2024-10-13 17:24:29,161 - INFO - Searching for track: Elliott Smith - Needle in the Hay (Album: Elliott Smith, Play count: 169)
2024-10-13 17:24:29,372 - INFO - Found exact match: Elliott Smith - Needle In The Hay (Elliott Smith)
2024-10-13 17:24:29,372 - INFO - Searching for track: Charli XCX - Girl, so confusing featuring lorde (Album: Girl, so confusing featuring lorde, Play count: 168)
2024-10-13 17:24:29,548 - INFO - Found exact match: Charli xcx - Girl, so confusing featuring lorde (Girl, so confusing featuring lorde)
2024-10-13 17:24:29,549 - INFO - Searching for track: Chappell Roan - Red Wine Supernova (Album: The Rise and Fall of a Midwest Princess, Play count: 159)
2024-10-13 17:24:29,713 - INFO - Found exact match: Chappell Roan - Red Wine Supernova (The Rise and Fall of a Midwest Princess)
2024-10-13 17:24:29,713 - INFO - Searching for track: Elliott Smith - Christian Brothers (Album: Elliott Smith, Play count: 155)
2024-10-13 17:24:29,855 - INFO - Found exact match: Elliott Smith - Christian Brothers (Elliott Smith)
2024-10-13 17:24:29,855 - INFO - Searching for track: Magdalena Bay - She Looked Like Me! (Album: Imaginal Disk, Play count: 154)
2024-10-13 17:24:30,013 - INFO - Found exact match: Magdalena Bay - She Looked Like Me! (Imaginal Disk)
2024-10-13 17:24:30,013 - INFO - Searching for track: The Last Dinner Party - The Feminine Urge (Album: Prelude to Ecstasy, Play count: 152)
2024-10-13 17:24:30,198 - INFO - Found exact match: The Last Dinner Party - The Feminine Urge (Prelude to Ecstasy)
2024-10-13 17:24:30,198 - INFO - Searching for track: Elliott Smith - Clementine (Album: Elliott Smith, Play count: 142)
2024-10-13 17:24:30,345 - INFO - Found exact match: Elliott Smith - Clementine (Elliott Smith)
2024-10-13 17:24:30,346 - INFO - Searching for track: Jessie Ware - Freak Me Now (with Róisín Murphy) (Album: Freak Me Now (with Róisín Murphy), Play count: 140)
2024-10-13 17:24:30,523 - INFO - Found exact match: Jessie Ware - Freak Me Now (with Róisín Murphy) (Freak Me Now (with Róisín Murphy))
2024-10-13 17:24:30,524 - INFO - Searching for track: Elliott Smith - Alameda (Album: Either/Or, Play count: 140)
2024-10-13 17:24:30,836 - INFO - Found exact match: Elliott Smith - Alameda (Either/Or)
2024-10-13 17:24:30,836 - INFO - Searching for track: Lucy Dacus - Hot & Heavy (Album: Home Video, Play count: 127)
2024-10-13 17:24:30,987 - INFO - Found exact match: Lucy Dacus - Hot & Heavy (Home Video)
2024-10-13 17:24:30,987 - INFO - Searching for track: Charli XCX - Club classics (Album: BRAT, Play count: 126)
2024-10-13 17:24:31,164 - INFO - Found exact match: Charli xcx - Club classics (BRAT)
2024-10-13 17:24:31,164 - INFO - Searching for track: The Stone Roses - She Bangs the Drums - Remastered 2009 (Album: The Stone Roses, Play count: 126)
2024-10-13 17:24:31,352 - INFO - Found exact match: The Stone Roses - She Bangs the Drums - Remastered 2009 (The Stone Roses)
2024-10-13 17:24:31,352 - INFO - Searching for track: Bon Iver - S P E Y S I D E (Album: S P E Y S I D E, Play count: 126)
2024-10-13 17:24:31,495 - INFO - Found exact match: Bon Iver - S P E Y S I D E (S P E Y S I D E)
2024-10-13 17:24:31,495 - INFO - Searching for track: Billie Eilish - LUNCH (Album: HIT ME HARD AND SOFT, Play count: 126)
2024-10-13 17:24:31,641 - INFO - Found exact match: Billie Eilish - LUNCH (HIT ME HARD AND SOFT)
2024-10-13 17:24:31,641 - INFO - Searching for track: Baddiel, Skinner & The Lightning Seeds - Three Lions '98 (Album: Three Lions, Play count: 126)
2024-10-13 17:24:32,105 - WARNING - Could not find exact match on Spotify: Baddiel, Skinner & The Lightning Seeds - Three Lions '98 (Three Lions)
2024-10-13 17:24:32,276 - INFO - Added closest match: Baddiel, Skinner & Lightning Seeds - Three Lions 98 - Remastered (Three Lions (It's Coming Home for Christmas))
2024-10-13 17:24:32,276 - INFO - Searching for track: Elliott Smith - Between the Bars (Album: Either/Or, Play count: 113)
2024-10-13 17:24:32,428 - INFO - Found exact match: Elliott Smith - Between The Bars (Either/Or)
2024-10-13 17:24:32,428 - INFO - Searching for track: Elliott Smith - Say Yes (Album: Either/Or, Play count: 113)
2024-10-13 17:24:32,569 - INFO - Found exact match: Elliott Smith - Say Yes (Either/Or)
2024-10-13 17:24:32,569 - INFO - Searching for track: Cat Burns - go (Album: Unknown Album, Play count: 112)
2024-10-13 17:24:33,090 - WARNING - Could not find exact match on Spotify: Cat Burns - go (Unknown Album)
2024-10-13 17:24:33,333 - INFO - Added closest match: Cat Burns - go - goddard. Remix (Go (Remixes))
2024-10-13 17:24:33,333 - INFO - Searching for track: Elliott Smith - Southern Belle (Album: Elliott Smith, Play count: 112)
2024-10-13 17:24:33,601 - INFO - Found exact match: Elliott Smith - Southern Belle (Elliott Smith)
2024-10-13 17:24:33,601 - INFO - Searching for track: Magdalena Bay - Image (Album: Imaginal Disk, Play count: 112)
2024-10-13 17:24:33,731 - INFO - Found exact match: Magdalena Bay - Image (Imaginal Disk)
2024-10-13 17:24:33,732 - INFO - Searching for track: Elliott Smith - Good to Go (Album: Elliott Smith, Play count: 112)
2024-10-13 17:24:33,908 - INFO - Found exact match: Elliott Smith - Good To Go (Elliott Smith)
2024-10-13 17:24:33,908 - INFO - Searching for track: Magdalena Bay - True Blue Interlude (Album: Imaginal Disk, Play count: 112)
2024-10-13 17:24:34,066 - INFO - Found exact match: Magdalena Bay - True Blue Interlude (Imaginal Disk)
2024-10-13 17:24:34,066 - INFO - Searching for track: Elliott Smith - Ballad of Big Nothing (Album: Either/Or, Play count: 112)
2024-10-13 17:24:34,218 - INFO - Found exact match: Elliott Smith - Ballad Of Big Nothing (Either/Or)
2024-10-13 17:24:34,219 - INFO - Searching for track: Magdalena Bay - Fear, Sex (Album: Imaginal Disk, Play count: 112)
2024-10-13 17:24:34,427 - INFO - Found exact match: Magdalena Bay - Fear, Sex (Imaginal Disk)
2024-10-13 17:24:34,427 - INFO - Searching for track: Charli xcx - Rewind (Album: BRAT, Play count: 112)
2024-10-13 17:24:34,729 - INFO - Found exact match: Charli xcx - Rewind (BRAT)
2024-10-13 17:24:34,729 - INFO - Searching for track: Sabrina Carpenter - Espresso (Album: Please Please Please, Play count: 112)
2024-10-13 17:24:34,890 - INFO - Found exact match: Sabrina Carpenter - Espresso (Please Please Please)
2024-10-13 17:24:34,890 - INFO - Searching for track: Barry Can't Swim - Sunsleeper (Album: When Will We Land?, Play count: 110)
2024-10-13 17:24:35,035 - INFO - Found exact match: Barry Can't Swim - Sunsleeper (When Will We Land?)
2024-10-13 17:24:35,035 - INFO - Searching for track: Arcade Fire - Haiti (Album: Funeral, Play count: 109)
2024-10-13 17:24:35,183 - INFO - Found exact match: Arcade Fire - Haiti (Funeral)
2024-10-13 17:24:35,183 - INFO - Searching for track: Charli xcx - Spring breakers (Album: Brat and it’s the same but there’s three more songs so it’s not, Play count: 98)
2024-10-13 17:24:35,323 - INFO - Found exact match: Charli xcx - Spring breakers (Brat and it’s the same but there’s three more songs so it’s not)
2024-10-13 17:24:35,324 - INFO - Searching for track: Magdalena Bay - Killing Time (Album: Imaginal Disk, Play count: 98)
2024-10-13 17:24:35,490 - INFO - Found exact match: Magdalena Bay - Killing Time (Imaginal Disk)
2024-10-13 17:24:35,490 - INFO - Searching for track: Charli XCX - I might say something stupid (Album: BRAT, Play count: 98)
2024-10-13 17:24:35,634 - INFO - Found exact match: Charli xcx - I might say something stupid (BRAT)
2024-10-13 17:24:35,634 - INFO - Searching for track: The Clash - Train in Vain (Stand by Me) - Remastered (Album: London Calling (Remastered), Play count: 98)
2024-10-13 17:24:35,777 - INFO - Found exact match: The Clash - Train in Vain (Stand by Me) - Remastered (London Calling (Remastered))
2024-10-13 17:24:35,778 - INFO - Searching for track: The Rolling Stones - Paint It, Black (Album: Aftermath, Play count: 98)
2024-10-13 17:24:35,905 - INFO - Found exact match: The Rolling Stones - Paint It, Black (Aftermath)
2024-10-13 17:24:35,905 - INFO - Searching for track: Gorillaz - On Melancholy Hill (Album: Plastic Beach, Play count: 97)
2024-10-13 17:24:36,095 - INFO - Found exact match: Gorillaz - On Melancholy Hill (Plastic Beach)
2024-10-13 17:24:36,095 - INFO - Searching for track: The Smile - Wall of Eyes (Album: Wall of Eyes, Play count: 88)
2024-10-13 17:24:36,294 - INFO - Found exact match: The Smile - Wall Of Eyes (Wall Of Eyes)
2024-10-13 17:24:36,294 - INFO - Searching for track: Confidence Man - What I Like (Album: Tilt, Play count: 84)
2024-10-13 17:24:36,425 - INFO - Found exact match: Confidence Man - What I Like (TILT)
2024-10-13 17:24:36,425 - INFO - Searching for track: MJ Lenderman - Manning Fireworks (Album: Manning Fireworks, Play count: 84)
2024-10-13 17:24:36,585 - INFO - Found exact match: MJ Lenderman - Manning Fireworks (Manning Fireworks)
2024-10-13 17:24:36,586 - INFO - Searching for track: Elliott Smith - Angeles (Album: Either/Or, Play count: 84)
2024-10-13 17:24:36,880 - INFO - Found exact match: Elliott Smith - Angeles (Either/Or)
2024-10-13 17:24:36,880 - INFO - Searching for track: Magdalena Bay - Love Is Everywhere (Album: Imaginal Disk, Play count: 84)
2024-10-13 17:24:37,133 - INFO - Found exact match: Magdalena Bay - Love Is Everywhere (Imaginal Disk)
2024-10-13 17:24:37,144 - INFO - Searching for track: Magdalena Bay - That's My Floor (Album: Imaginal Disk, Play count: 84)
2024-10-13 17:24:37,303 - INFO - Found exact match: Magdalena Bay - That's My Floor (Imaginal Disk)
2024-10-13 17:24:37,303 - INFO - Searching for track: Magdalena Bay - Watching T.V. (Album: Imaginal Disk, Play count: 84)
2024-10-13 17:24:37,465 - INFO - Found exact match: Magdalena Bay - Watching T.V. (Imaginal Disk)
2024-10-13 17:24:37,465 - INFO - Searching for track: Magdalena Bay - Death & Romance (Album: Imaginal Disk, Play count: 84)
2024-10-13 17:24:37,611 - INFO - Found exact match: Magdalena Bay - Death & Romance (Imaginal Disk)
2024-10-13 17:24:37,612 - INFO - Searching for track: Radiohead - Let Down (Album: OK Computer, Play count: 84)
2024-10-13 17:24:37,739 - INFO - Found exact match: Radiohead - Let Down (OK Computer)
2024-10-13 17:24:37,739 - INFO - Searching for track: Charli xcx - I think about it all the time (Album: BRAT, Play count: 84)
2024-10-13 17:24:38,005 - INFO - Found exact match: Charli xcx - I think about it all the time (BRAT)
2024-10-13 17:24:38,005 - INFO - Searching for track: Charli XCX - Everything is romantic (Album: BRAT, Play count: 84)
2024-10-13 17:24:38,268 - INFO - Found exact match: Charli xcx - Everything is romantic (BRAT)
2024-10-13 17:24:38,268 - INFO - Searching for track: Sabrina Carpenter - Taste (Album: Short n' Sweet, Play count: 74)
2024-10-13 17:24:38,422 - INFO - Found exact match: Sabrina Carpenter - Taste (Short n' Sweet)
2024-10-13 17:24:38,422 - INFO - Searching for track: The Stone Roses - I Wanna Be Adored - Remastered 2009 (Album: The Stone Roses, Play count: 70)
2024-10-13 17:24:38,568 - INFO - Found exact match: The Stone Roses - I Wanna Be Adored - Remastered 2009 (The Stone Roses)
2024-10-13 17:24:38,568 - INFO - Searching for track: Fontaines D.C. - I Love You (Album: Skinty Fia, Play count: 70)
2024-10-13 17:24:38,735 - INFO - Found exact match: Fontaines D.C. - I Love You (Skinty Fia)
2024-10-13 17:24:38,735 - INFO - Searching for track: Elliott Smith - Single File (Album: Elliott Smith, Play count: 70)
2024-10-13 17:24:38,873 - INFO - Found exact match: Elliott Smith - Single File (Elliott Smith)
2024-10-13 17:24:38,874 - INFO - Searching for track: Magdalena Bay - Vampire In The Corner (Album: Imaginal Disk, Play count: 70)
2024-10-13 17:24:39,130 - INFO - Found exact match: Magdalena Bay - Vampire in the Corner (Imaginal Disk)
2024-10-13 17:24:39,131 - INFO - Searching for track: Fontaines D.C. - Jackie Down The Line (Album: Skinty Fia, Play count: 70)
2024-10-13 17:24:39,962 - INFO - Found exact match: Fontaines D.C. - Jackie Down The Line (Skinty Fia)
2024-10-13 17:24:39,962 - INFO - Searching for track: Fred again.. - Dermot (see yourself in my eyes) (Album: Actual Life (April 14 - December 17 2020), Play count: 57)
2024-10-13 17:24:40,193 - INFO - Found exact match: Fred again.. - Dermot (see yourself in my eyes) (Actual Life (April 14 - December 17 2020))
2024-10-13 17:24:40,194 - INFO - Searching for track: MJ Lenderman - Wristwatch (Album: Manning Fireworks, Play count: 56)
2024-10-13 17:24:40,414 - INFO - Found exact match: MJ Lenderman - Wristwatch (Manning Fireworks)
2024-10-13 17:24:40,414 - INFO - Searching for track: MJ Lenderman - Rudolph (Album: Manning Fireworks, Play count: 56)
2024-10-13 17:24:40,546 - INFO - Found exact match: MJ Lenderman - Rudolph (Manning Fireworks)
2024-10-13 17:24:40,546 - INFO - Searching for track: MJ Lenderman - Joker Lips (Album: Manning Fireworks, Play count: 56)
2024-10-13 17:24:40,679 - INFO - Found exact match: MJ Lenderman - Joker Lips (Manning Fireworks)
2024-10-13 17:24:40,680 - INFO - Searching for track: Fred again.. - Danielle (Smile On My Face) (Album: Actual Life 3 (January 1 - September 9 2022), Play count: 56)
2024-10-13 17:24:40,865 - INFO - Found exact match: Fred again.. - Danielle (smile on my face) (Actual Life 3 (January 1 - September 9 2022))
2024-10-13 17:24:40,866 - INFO - Searching for track: Elliott Smith - Alphabet Town (Album: Elliott Smith, Play count: 56)
2024-10-13 17:24:41,024 - INFO - Found exact match: Elliott Smith - Alphabet Town (Elliott Smith)
2024-10-13 17:24:41,024 - INFO - Searching for track: Elliott Smith - Coming Up Roses (Album: Elliott Smith, Play count: 56)
2024-10-13 17:24:41,168 - INFO - Found exact match: Elliott Smith - Coming Up Roses (Elliott Smith)
2024-10-13 17:24:41,169 - INFO - Searching for track: Elliott Smith - 2:45 AM (Album: Either/Or, Play count: 56)
2024-10-13 17:24:41,378 - INFO - Found exact match: Elliott Smith - 2:45 AM (Either/Or)
2024-10-13 17:24:41,378 - INFO - Searching for track: Magdalena Bay - Cry For Me (Album: Imaginal Disk, Play count: 56)
2024-10-13 17:24:41,504 - INFO - Found exact match: Magdalena Bay - Cry for Me (Imaginal Disk)
2024-10-13 17:24:41,504 - INFO - Searching for track: Magdalena Bay - Feeling Diskinserted? (Album: Imaginal Disk, Play count: 56)
2024-10-13 17:24:41,641 - INFO - Found exact match: Magdalena Bay - Feeling DiskInserted? (Imaginal Disk)
2024-10-13 17:24:41,641 - INFO - Searching for track: Charli XCX - Girl, so confusing (Album: BRAT, Play count: 56)
2024-10-13 17:24:41,802 - INFO - Found exact match: Charli xcx - Girl, so confusing (BRAT)
2024-10-13 17:24:41,803 - INFO - Searching for track: Ed Sheeran - Bad Habits (Album: Bad Habits, Play count: 56)
2024-10-13 17:24:42,011 - INFO - Found exact match: Ed Sheeran - Bad Habits (feat. Bring Me The Horizon) (Bad Habits (feat. Bring Me The Horizon))
2024-10-13 17:24:42,020 - INFO - Searching for track: LCD Soundsystem - Home (Album: This Is Happening, Play count: 56)
2024-10-13 17:24:42,168 - INFO - Found exact match: LCD Soundsystem - Home (This Is Happening)
2024-10-13 17:24:42,168 - INFO - Searching for track: The Stone Roses - I Am the Resurrection - Remastered 2009 (Album: The Stone Roses, Play count: 56)
2024-10-13 17:24:42,337 - INFO - Found exact match: The Stone Roses - I Am the Resurrection - Remastered 2009 (The Stone Roses)
2024-10-13 17:24:42,337 - INFO - Searching for track: The Stone Roses - Waterfall - Remastered 2009 (Album: The Stone Roses, Play count: 56)
2024-10-13 17:24:42,614 - INFO - Found exact match: The Stone Roses - Waterfall - Remastered 2009 (The Stone Roses)
2024-10-13 17:24:42,614 - INFO - Searching for track: DJ Seinfeld - Now U Do (Album: Now U Do, Play count: 46)
2024-10-13 17:24:42,857 - INFO - Found exact match: DJ Seinfeld - Now U Do (Now U Do)
2024-10-13 17:24:42,858 - INFO - Searching for track: Jockstrap - I Touch (Album: I<3Uqtinvu, Play count: 42)
2024-10-13 17:24:43,048 - INFO - Found exact match: Jockstrap - I Touch (I<3UQTINVU)
2024-10-13 17:24:43,048 - INFO - Searching for track: MJ Lenderman - Rip Torn (Album: Manning Fireworks, Play count: 42)
2024-10-13 17:24:43,171 - INFO - Found exact match: MJ Lenderman - Rip Torn (Manning Fireworks)
2024-10-13 17:24:43,171 - INFO - Searching for track: MJ Lenderman - She's Leaving You (Album: Manning Fireworks, Play count: 42)
2024-10-13 17:24:43,339 - INFO - Found exact match: MJ Lenderman - She's Leaving You (Manning Fireworks)
2024-10-13 17:24:43,339 - INFO - Searching for track: MJ Lenderman - On My Knees (Album: Manning Fireworks, Play count: 42)
2024-10-13 17:24:43,478 - INFO - Found exact match: MJ Lenderman - On My Knees (Manning Fireworks)
2024-10-13 17:24:43,479 - INFO - Searching for track: Young Fathers - Rice (Album: Heavy Heavy, Play count: 42)
2024-10-13 17:24:43,638 - INFO - Found exact match: Young Fathers - Rice (Heavy Heavy)
2024-10-13 17:24:43,638 - INFO - Searching for track: Rema - Calm Down (with Selena Gomez) (Album: Rave & Roses Ultra, Play count: 42)
2024-10-13 17:24:43,796 - INFO - Found exact match: Rema - Calm Down (with Selena Gomez) (Rave & Roses Ultra)
2024-10-13 17:24:44,647 - INFO - Found existing playlist by ID: Bobby's Hot 💯
2024-10-13 17:24:44,649 - INFO - Updating playlist 5iFg7DdS2m8XV8kmQqg4SU with 100 tracks
2024-10-13 17:24:45,101 - INFO - Playlist update completed with randomized order
2024-10-13 17:24:45,116 - INFO - Playlist 'Bobby's Hot 💯' updated with 100 tracks in random order.
2024-10-13 17:24:45,770 - INFO - Playlist link: https://open.spotify.com/playlist/5iFg7DdS2m8XV8kmQqg4SU
2024-10-13 17:32:56,759 - INFO - Searching for track: Charli xcx - 365 (Album: BRAT, Play count: 85)
2024-10-13 17:32:57,069 - INFO - Found exact match: Charli xcx - 365 (BRAT)
2024-10-13 17:32:57,069 - INFO - Searching for track: Charli XCX - Apple (Album: BRAT, Play count: 74)
2024-10-13 17:32:57,350 - INFO - Found exact match: Charli xcx - Apple (BRAT)
2024-10-13 17:32:57,350 - INFO - Searching for track: Fontaines D.C. - Starburster (Album: Romance, Play count: 53)
2024-10-13 17:32:57,489 - INFO - Found exact match: Fontaines D.C. - Starburster (Romance)
2024-10-13 17:32:57,489 - INFO - Searching for track: Fontaines D.C. - Favourite (Album: Romance, Play count: 52)
2024-10-13 17:32:57,630 - INFO - Found exact match: Fontaines D.C. - Favourite (Romance)
2024-10-13 17:32:57,630 - INFO - Searching for track: Charli XCX - the girl, so confusing version with lorde (Album: the girl, so confusing version with lorde, Play count: 43)
2024-10-13 17:32:58,040 - WARNING - Could not find exact match on Spotify: Charli XCX - the girl, so confusing version with lorde (the girl, so confusing version with lorde)
2024-10-13 17:32:58,250 - INFO - Added closest match: Charli xcx - The girl, so confusing version with lorde (GYM TIME - ALL POP UP!)
2024-10-13 17:32:58,250 - INFO - Searching for track: Charli XCX - talk talk featuring troye sivan (Album: talk talk featuring troye sivan, Play count: 41)
2024-10-13 17:32:58,428 - INFO - Found exact match: Charli xcx - Talk talk featuring troye sivan (Talk talk featuring troye sivan)
2024-10-13 17:32:58,428 - INFO - Searching for track: Charli xcx - 360 (Album: BRAT, Play count: 38)
2024-10-13 17:32:58,572 - INFO - Found exact match: Charli xcx - 360 (BRAT)
2024-10-13 17:32:58,572 - INFO - Searching for track: Charli XCX - Mean girls (Album: BRAT, Play count: 33)
2024-10-13 17:32:58,745 - INFO - Found exact match: Charli xcx - Mean girls (BRAT)
2024-10-13 17:32:58,745 - INFO - Searching for track: Fontaines D.C. - Bug (Album: Romance, Play count: 32)
2024-10-13 17:32:58,879 - INFO - Found exact match: Fontaines D.C. - Bug (Romance)
2024-10-13 17:32:58,880 - INFO - Searching for track: Sabrina Carpenter - Please Please Please (Album: Please Please Please, Play count: 31)
2024-10-13 17:32:59,051 - INFO - Found exact match: Sabrina Carpenter - Please Please Please (Please Please Please)
2024-10-13 17:32:59,051 - INFO - Searching for track: Charli XCX - Von dutch (Album: BRAT, Play count: 31)
2024-10-13 17:32:59,236 - INFO - Found exact match: Charli xcx - Von dutch (BRAT)
2024-10-13 17:32:59,236 - INFO - Searching for track: Elliott Smith - St. Ides Heaven (Album: Elliott Smith, Play count: 29)
2024-10-13 17:32:59,447 - INFO - Found exact match: Elliott Smith - St. Ides Heaven (Elliott Smith)
2024-10-13 17:32:59,447 - INFO - Searching for track: Fontaines D.C. - Here's The Thing (Album: Romance, Play count: 29)
2024-10-13 17:32:59,590 - INFO - Found exact match: Fontaines D.C. - Here's The Thing (Romance)
2024-10-13 17:32:59,590 - INFO - Searching for track: Elliott Smith - Speed Trials (Album: Either/Or, Play count: 25)
2024-10-13 17:32:59,717 - INFO - Found exact match: Elliott Smith - Speed Trials (Either/Or)
2024-10-13 17:32:59,717 - INFO - Searching for track: Charli XCX - Guess (Album: Brat and it’s the same but there’s three more songs so it’s not, Play count: 22)
2024-10-13 17:32:59,874 - INFO - Found exact match: Charli xcx - Guess (Brat and it’s the same but there’s three more songs so it’s not)
2024-10-13 17:32:59,875 - INFO - Searching for track: MJ Lenderman - You Don't Know The Shape I'm In (Album: Manning Fireworks, Play count: 21)
2024-10-13 17:33:00,216 - INFO - Found exact match: MJ Lenderman - You Don't Know The Shape I'm In (Manning Fireworks)
2024-10-13 17:33:00,216 - INFO - Searching for track: Magdalena Bay - Tunnel Vision (Album: Imaginal Disk, Play count: 21)
2024-10-13 17:33:00,386 - INFO - Found exact match: Magdalena Bay - Tunnel Vision (Imaginal Disk)
2024-10-13 17:33:00,386 - INFO - Searching for track: Radiohead - Jigsaw Falling Into Place (Album: In Rainbows, Play count: 21)
2024-10-13 17:33:00,616 - INFO - Found exact match: Radiohead - Jigsaw Falling Into Place (In Rainbows)
2024-10-13 17:33:00,616 - INFO - Searching for track: Olivia Dean - Ladies Room (Album: Messy, Play count: 20)
2024-10-13 17:33:00,814 - INFO - Found exact match: Olivia Dean - Ladies Room (Messy)
2024-10-13 17:33:00,814 - INFO - Searching for track: Charli XCX - Sympathy is a knife (Album: BRAT, Play count: 18)
2024-10-13 17:33:00,997 - INFO - Found exact match: Charli xcx - Sympathy is a knife (BRAT)
2024-10-13 17:33:00,997 - INFO - Searching for track: Charli XCX - B2b (Album: BRAT, Play count: 18)
2024-10-13 17:33:01,225 - INFO - Found exact match: Charli xcx - B2b (BRAT)
2024-10-13 17:33:01,225 - INFO - Searching for track: Neil Young - My My, Hey Hey (Out of the Blue) - 2016 Remaster (Album: Rust Never Sleeps, Play count: 17)
2024-10-13 17:33:01,362 - INFO - Found exact match: Neil Young - My My, Hey Hey (Out of the Blue) - 2016 Remaster (Rust Never Sleeps)
2024-10-13 17:33:01,363 - INFO - Searching for track: Elliott Smith - Say Yes - Remastered 2017 (Album: Either/Or (Expanded Edition), Play count: 17)
2024-10-13 17:33:01,560 - INFO - Found exact match: Elliott Smith - Say Yes - Remastered 2017 (Either/Or (Expanded Edition))
2024-10-13 17:33:01,560 - INFO - Searching for track: Dave - Thiago Silva (Album: Thiago Silva, Play count: 15)
2024-10-13 17:33:01,750 - INFO - Found exact match: Dave - Thiago Silva (Thiago Silva)
2024-10-13 17:33:01,750 - INFO - Searching for track: Sabrina Carpenter - Taste (Album: Short n' Sweet, Play count: 14)
2024-10-13 17:33:01,893 - INFO - Found exact match: Sabrina Carpenter - Taste (Short n' Sweet)
2024-10-13 17:33:01,893 - INFO - Searching for track: Bo Burnham - Look Who’s Inside Again (Album: Inside, Play count: 14)
2024-10-13 17:33:02,096 - INFO - Found exact match: Bo Burnham - Look Who’s Inside Again (INSIDE)
2024-10-13 17:33:02,096 - INFO - Searching for track: Elliott Smith - Needle in the Hay (Album: Elliott Smith, Play count: 13)
2024-10-13 17:33:02,252 - INFO - Found exact match: Elliott Smith - Needle In The Hay (Elliott Smith)
2024-10-13 17:33:02,252 - INFO - Searching for track: Elliott Smith - Clementine (Album: Elliott Smith, Play count: 12)
2024-10-13 17:33:02,383 - INFO - Found exact match: Elliott Smith - Clementine (Elliott Smith)
2024-10-13 17:33:02,383 - INFO - Searching for track: Elliott Smith - Christian Brothers (Album: Elliott Smith, Play count: 12)
2024-10-13 17:33:02,529 - INFO - Found exact match: Elliott Smith - Christian Brothers (Elliott Smith)
2024-10-13 17:33:02,529 - INFO - Searching for track: Chappell Roan - Red Wine Supernova (Album: The Rise and Fall of a Midwest Princess, Play count: 12)
2024-10-13 17:33:02,692 - INFO - Found exact match: Chappell Roan - Red Wine Supernova (The Rise and Fall of a Midwest Princess)
2024-10-13 17:33:02,692 - INFO - Searching for track: The Last Dinner Party - Nothing Matters (Album: Prelude to Ecstasy, Play count: 12)
2024-10-13 17:33:02,838 - INFO - Found exact match: The Last Dinner Party - Nothing Matters (Prelude to Ecstasy)
2024-10-13 17:33:02,838 - INFO - Searching for track: Charli XCX - Girl, so confusing featuring lorde (Album: Girl, so confusing featuring lorde, Play count: 12)
2024-10-13 17:33:02,978 - INFO - Found exact match: Charli xcx - Girl, so confusing featuring lorde (Girl, so confusing featuring lorde)
2024-10-13 17:33:02,978 - INFO - Searching for track: Magdalena Bay - She Looked Like Me! (Album: Imaginal Disk, Play count: 11)
2024-10-13 17:33:03,103 - INFO - Found exact match: Magdalena Bay - She Looked Like Me! (Imaginal Disk)
2024-10-13 17:33:03,103 - INFO - Searching for track: Charli XCX - Talk talk (Album: BRAT, Play count: 11)
2024-10-13 17:33:03,243 - INFO - Found exact match: Charli xcx - Talk talk (BRAT)
2024-10-13 17:33:03,243 - INFO - Searching for track: Lucy Dacus - Hot & Heavy (Album: Home Video, Play count: 10)
2024-10-13 17:33:03,412 - INFO - Found exact match: Lucy Dacus - Hot & Heavy (Home Video)
2024-10-13 17:33:03,412 - INFO - Searching for track: Jessie Ware - Freak Me Now (with Róisín Murphy) (Album: Freak Me Now (with Róisín Murphy), Play count: 10)
2024-10-13 17:33:03,545 - INFO - Found exact match: Jessie Ware - Freak Me Now (with Róisín Murphy) (Freak Me Now (with Róisín Murphy))
2024-10-13 17:33:03,545 - INFO - Searching for track: Elliott Smith - Alameda (Album: Either/Or, Play count: 10)
2024-10-13 17:33:03,685 - INFO - Found exact match: Elliott Smith - Alameda (Either/Or)
2024-10-13 17:33:03,685 - INFO - Searching for track: Charli XCX - Club classics (Album: BRAT, Play count: 9)
2024-10-13 17:33:03,866 - INFO - Found exact match: Charli xcx - Club classics (BRAT)
2024-10-13 17:33:03,866 - INFO - Searching for track: Elliott Smith - Between the Bars (Album: Either/Or, Play count: 9)
2024-10-13 17:33:04,061 - INFO - Found exact match: Elliott Smith - Between The Bars (Either/Or)
2024-10-13 17:33:04,061 - INFO - Searching for track: Elliott Smith - Say Yes (Album: Either/Or, Play count: 9)
2024-10-13 17:33:04,241 - INFO - Found exact match: Elliott Smith - Say Yes (Either/Or)
2024-10-13 17:33:04,241 - INFO - Searching for track: The Stone Roses - She Bangs the Drums - Remastered 2009 (Album: The Stone Roses, Play count: 9)
2024-10-13 17:33:04,423 - INFO - Found exact match: The Stone Roses - She Bangs the Drums - Remastered 2009 (The Stone Roses)
2024-10-13 17:33:04,423 - INFO - Searching for track: Bon Iver - S P E Y S I D E (Album: S P E Y S I D E, Play count: 9)
2024-10-13 17:33:04,551 - INFO - Found exact match: Bon Iver - S P E Y S I D E (S P E Y S I D E)
2024-10-13 17:33:04,551 - INFO - Searching for track: Billie Eilish - LUNCH (Album: HIT ME HARD AND SOFT, Play count: 9)
2024-10-13 17:33:04,822 - INFO - Found exact match: Billie Eilish - LUNCH (HIT ME HARD AND SOFT)
2024-10-13 17:33:04,822 - INFO - Searching for track: The Last Dinner Party - The Feminine Urge (Album: Prelude to Ecstasy, Play count: 9)
2024-10-13 17:33:04,968 - INFO - Found exact match: The Last Dinner Party - The Feminine Urge (Prelude to Ecstasy)
2024-10-13 17:33:04,968 - INFO - Searching for track: Baddiel, Skinner & The Lightning Seeds - Three Lions '98 (Album: Three Lions, Play count: 9)
2024-10-13 17:33:05,502 - WARNING - Could not find exact match on Spotify: Baddiel, Skinner & The Lightning Seeds - Three Lions '98 (Three Lions)
2024-10-13 17:33:05,625 - INFO - Added closest match: Baddiel, Skinner & Lightning Seeds - Three Lions 98 - Remastered (Three Lions (It's Coming Home for Christmas))
2024-10-13 17:33:05,625 - INFO - Searching for track: Beyoncé - AMEN (Album: COWBOY CARTER, Play count: 8)
2024-10-13 17:33:05,795 - INFO - Found exact match: Beyoncé - AMEN (COWBOY CARTER)
2024-10-13 17:33:05,795 - INFO - Searching for track: Beyoncé - SWEET ★ HONEY ★ BUCKIIN' (Album: COWBOY CARTER, Play count: 8)
2024-10-13 17:33:05,969 - INFO - Found exact match: Beyoncé - SWEET ★ HONEY ★ BUCKIIN' (COWBOY CARTER)
2024-10-13 17:33:05,969 - INFO - Searching for track: Beyoncé - TYRANT (Album: COWBOY CARTER, Play count: 8)
2024-10-13 17:33:06,104 - INFO - Found exact match: Beyoncé - TYRANT (COWBOY CARTER)
2024-10-13 17:33:06,104 - INFO - Searching for track: Beyoncé - II HANDS II HEAVEN (Album: COWBOY CARTER, Play count: 8)
2024-10-13 17:33:06,243 - INFO - Found exact match: Beyoncé - II HANDS II HEAVEN (COWBOY CARTER)
2024-10-13 17:33:06,243 - INFO - Searching for track: Beyoncé - RIIVERDANCE (Album: COWBOY CARTER, Play count: 8)
2024-10-13 17:33:06,415 - INFO - Found exact match: Beyoncé - RIIVERDANCE (COWBOY CARTER)
2024-10-13 17:33:06,416 - INFO - Searching for track: Beyoncé - DESERT EAGLE (Album: COWBOY CARTER, Play count: 8)
2024-10-13 17:33:06,569 - INFO - Found exact match: Beyoncé - DESERT EAGLE (COWBOY CARTER)
2024-10-13 17:33:06,570 - INFO - Searching for track: Beyoncé - OH LOUISIANA (Album: COWBOY CARTER, Play count: 8)
2024-10-13 17:33:06,693 - INFO - Found exact match: Beyoncé - OH LOUISIANA (COWBOY CARTER)
2024-10-13 17:33:06,693 - INFO - Searching for track: Beyoncé - YA YA (Album: COWBOY CARTER, Play count: 8)
2024-10-13 17:33:06,841 - INFO - Found exact match: Beyoncé - YA YA (COWBOY CARTER)
2024-10-13 17:33:06,841 - INFO - Searching for track: Beyoncé - THE LINDA MARTELL SHOW (Album: COWBOY CARTER, Play count: 8)
2024-10-13 17:33:06,995 - INFO - Found exact match: Beyoncé - THE LINDA MARTELL SHOW (COWBOY CARTER)
2024-10-13 17:33:06,996 - INFO - Searching for track: Beyoncé - FLAMENCO (Album: COWBOY CARTER, Play count: 8)
2024-10-13 17:33:07,135 - INFO - Found exact match: Beyoncé - FLAMENCO (COWBOY CARTER)
2024-10-13 17:33:07,135 - INFO - Searching for track: Beyoncé - LEVII'S JEANS (Album: COWBOY CARTER, Play count: 8)
2024-10-13 17:33:07,282 - INFO - Found exact match: Beyoncé - LEVII'S JEANS (COWBOY CARTER)
2024-10-13 17:33:07,282 - INFO - Searching for track: Beyoncé - II MOST WANTED (Album: COWBOY CARTER, Play count: 8)
2024-10-13 17:33:07,444 - INFO - Found exact match: Beyoncé - II MOST WANTED (COWBOY CARTER)
2024-10-13 17:33:07,444 - INFO - Searching for track: Beyoncé - JUST FOR FUN (Album: COWBOY CARTER, Play count: 8)
2024-10-13 17:33:07,577 - INFO - Found exact match: Beyoncé - JUST FOR FUN (COWBOY CARTER)
2024-10-13 17:33:07,577 - INFO - Searching for track: Beyoncé - SMOKE HOUR II (Album: COWBOY CARTER, Play count: 8)
2024-10-13 17:33:07,783 - INFO - Found exact match: Beyoncé - SMOKE HOUR II (COWBOY CARTER)
2024-10-13 17:33:07,784 - INFO - Searching for track: Beyoncé - ALLIIGATOR TEARS (Album: COWBOY CARTER, Play count: 8)
2024-10-13 17:33:07,924 - INFO - Found exact match: Beyoncé - ALLIIGATOR TEARS (COWBOY CARTER)
2024-10-13 17:33:07,924 - INFO - Searching for track: Beyoncé - SPAGHETTII (Album: COWBOY CARTER, Play count: 8)
2024-10-13 17:33:08,153 - INFO - Found exact match: Beyoncé - SPAGHETTII (COWBOY CARTER)
2024-10-13 17:33:08,153 - INFO - Searching for track: Beyoncé - DAUGHTER (Album: COWBOY CARTER, Play count: 8)
2024-10-13 17:33:08,315 - INFO - Found exact match: Beyoncé - DAUGHTER (COWBOY CARTER)
2024-10-13 17:33:08,315 - INFO - Searching for track: Beyoncé - JOLENE (Album: COWBOY CARTER, Play count: 8)
2024-10-13 17:33:08,490 - INFO - Found exact match: Beyoncé - JOLENE (COWBOY CARTER)
2024-10-13 17:33:08,490 - INFO - Searching for track: Beyoncé - DOLLY P (Album: COWBOY CARTER, Play count: 8)
2024-10-13 17:33:08,637 - INFO - Found exact match: Beyoncé - DOLLY P (COWBOY CARTER)
2024-10-13 17:33:08,637 - INFO - Searching for track: Beyoncé - BODYGUARD (Album: COWBOY CARTER, Play count: 8)
2024-10-13 17:33:08,763 - INFO - Found exact match: Beyoncé - BODYGUARD (COWBOY CARTER)
2024-10-13 17:33:08,780 - INFO - Searching for track: Beyoncé - TEXAS HOLD 'EM (Album: COWBOY CARTER, Play count: 8)
2024-10-13 17:33:08,946 - INFO - Found exact match: Beyoncé - TEXAS HOLD 'EM (COWBOY CARTER)
2024-10-13 17:33:08,946 - INFO - Searching for track: Beyoncé - SMOKE HOUR ★ WILLIE NELSON (Album: COWBOY CARTER, Play count: 8)
2024-10-13 17:33:09,094 - INFO - Found exact match: Beyoncé - SMOKE HOUR ★ WILLIE NELSON (COWBOY CARTER)
2024-10-13 17:33:09,094 - INFO - Searching for track: Beyoncé - MY ROSE (Album: COWBOY CARTER, Play count: 8)
2024-10-13 17:33:09,432 - INFO - Found exact match: Beyoncé - MY ROSE (COWBOY CARTER)
2024-10-13 17:33:09,432 - INFO - Searching for track: Beyoncé - PROTECTOR (Album: COWBOY CARTER, Play count: 8)
2024-10-13 17:33:09,574 - INFO - Found exact match: Beyoncé - PROTECTOR (COWBOY CARTER)
2024-10-13 17:33:09,574 - INFO - Searching for track: Beyoncé - 16 CARRIAGES (Album: COWBOY CARTER, Play count: 8)
2024-10-13 17:33:09,740 - INFO - Found exact match: Beyoncé - 16 CARRIAGES (COWBOY CARTER)
2024-10-13 17:33:09,740 - INFO - Searching for track: Beyoncé - BLACKBIIRD (Album: COWBOY CARTER, Play count: 8)
2024-10-13 17:33:09,905 - INFO - Found exact match: Beyoncé - BLACKBIIRD (COWBOY CARTER)
2024-10-13 17:33:09,906 - INFO - Searching for track: Beyoncé - AMERIICAN REQUIEM (Album: COWBOY CARTER, Play count: 8)
2024-10-13 17:33:10,047 - INFO - Found exact match: Beyoncé - AMERIICAN REQUIEM (COWBOY CARTER)
2024-10-13 17:33:10,047 - INFO - Searching for track: Cat Burns - go (Album: Unknown Album, Play count: 8)
2024-10-13 17:33:10,474 - WARNING - Could not find exact match on Spotify: Cat Burns - go (Unknown Album)
2024-10-13 17:33:10,733 - INFO - Added closest match: Cat Burns - go - goddard. Remix (Go (Remixes))
2024-10-13 17:33:10,733 - INFO - Searching for track: Elliott Smith - Southern Belle (Album: Elliott Smith, Play count: 8)
2024-10-13 17:33:10,897 - INFO - Found exact match: Elliott Smith - Southern Belle (Elliott Smith)
2024-10-13 17:33:10,897 - INFO - Searching for track: Magdalena Bay - Image (Album: Imaginal Disk, Play count: 8)
2024-10-13 17:33:11,099 - INFO - Found exact match: Magdalena Bay - Image (Imaginal Disk)
2024-10-13 17:33:11,099 - INFO - Searching for track: Elliott Smith - Good to Go (Album: Elliott Smith, Play count: 8)
2024-10-13 17:33:11,257 - INFO - Found exact match: Elliott Smith - Good To Go (Elliott Smith)
2024-10-13 17:33:11,257 - INFO - Searching for track: Magdalena Bay - True Blue Interlude (Album: Imaginal Disk, Play count: 8)
2024-10-13 17:33:11,458 - INFO - Found exact match: Magdalena Bay - True Blue Interlude (Imaginal Disk)
2024-10-13 17:33:11,458 - INFO - Searching for track: Elliott Smith - Ballad of Big Nothing (Album: Either/Or, Play count: 8)
2024-10-13 17:33:11,607 - INFO - Found exact match: Elliott Smith - Ballad Of Big Nothing (Either/Or)
2024-10-13 17:33:11,607 - INFO - Searching for track: Magdalena Bay - Fear, Sex (Album: Imaginal Disk, Play count: 8)
2024-10-13 17:33:11,722 - INFO - Found exact match: Magdalena Bay - Fear, Sex (Imaginal Disk)
2024-10-13 17:33:11,723 - INFO - Searching for track: Charli xcx - Rewind (Album: BRAT, Play count: 8)
2024-10-13 17:33:11,921 - INFO - Found exact match: Charli xcx - Rewind (BRAT)
2024-10-13 17:33:11,921 - INFO - Searching for track: Sabrina Carpenter - Espresso (Album: Please Please Please, Play count: 8)
2024-10-13 17:33:12,066 - INFO - Found exact match: Sabrina Carpenter - Espresso (Please Please Please)
2024-10-13 17:33:12,066 - INFO - Searching for track: The Smile - Wall of Eyes (Album: Wall of Eyes, Play count: 7)
2024-10-13 17:33:12,241 - INFO - Found exact match: The Smile - Wall Of Eyes (Wall Of Eyes)
2024-10-13 17:33:12,241 - INFO - Searching for track: Charli xcx - Spring breakers (Album: Brat and it’s the same but there’s three more songs so it’s not, Play count: 7)
2024-10-13 17:33:12,479 - INFO - Found exact match: Charli xcx - Spring breakers (Brat and it’s the same but there’s three more songs so it’s not)
2024-10-13 17:33:12,479 - INFO - Searching for track: Magdalena Bay - Killing Time (Album: Imaginal Disk, Play count: 7)
2024-10-13 17:33:12,616 - INFO - Found exact match: Magdalena Bay - Killing Time (Imaginal Disk)
2024-10-13 17:33:12,616 - INFO - Searching for track: Charli XCX - I might say something stupid (Album: BRAT, Play count: 7)
2024-10-13 17:33:12,846 - INFO - Found exact match: Charli xcx - I might say something stupid (BRAT)
2024-10-13 17:33:12,846 - INFO - Searching for track: The Clash - Train in Vain (Stand by Me) - Remastered (Album: London Calling (Remastered), Play count: 7)
2024-10-13 17:33:13,004 - INFO - Found exact match: The Clash - Train in Vain (Stand by Me) - Remastered (London Calling (Remastered))
2024-10-13 17:33:13,004 - INFO - Searching for track: The Rolling Stones - Paint It, Black (Album: Aftermath, Play count: 7)
2024-10-13 17:33:13,132 - INFO - Found exact match: The Rolling Stones - Paint It, Black (Aftermath)
2024-10-13 17:33:13,132 - INFO - Searching for track: Sabrina Carpenter - Good Graces (Album: Unknown Album, Play count: 6)
2024-10-13 17:33:13,592 - WARNING - Could not find exact match on Spotify: Sabrina Carpenter - Good Graces (Unknown Album)
2024-10-13 17:33:13,864 - INFO - Added closest match: Sabrina Carpenter - Good Graces (Short n' Sweet)
2024-10-13 17:33:13,864 - INFO - Searching for track: Confidence Man - What I Like (Album: Tilt, Play count: 6)
2024-10-13 17:33:14,046 - INFO - Found exact match: Confidence Man - What I Like (TILT)
2024-10-13 17:33:14,046 - INFO - Searching for track: MJ Lenderman - Manning Fireworks (Album: Manning Fireworks, Play count: 6)
2024-10-13 17:33:14,179 - INFO - Found exact match: MJ Lenderman - Manning Fireworks (Manning Fireworks)
2024-10-13 17:33:14,179 - INFO - Searching for track: Elliott Smith - Angeles (Album: Either/Or, Play count: 6)
2024-10-13 17:33:14,352 - INFO - Found exact match: Elliott Smith - Angeles (Either/Or)
2024-10-13 17:33:14,352 - INFO - Searching for track: Magdalena Bay - Love Is Everywhere (Album: Imaginal Disk, Play count: 6)
2024-10-13 17:33:14,480 - INFO - Found exact match: Magdalena Bay - Love Is Everywhere (Imaginal Disk)
2024-10-13 17:33:14,480 - INFO - Searching for track: Magdalena Bay - That's My Floor (Album: Imaginal Disk, Play count: 6)
2024-10-13 17:33:14,599 - INFO - Found exact match: Magdalena Bay - That's My Floor (Imaginal Disk)
2024-10-13 17:33:14,599 - INFO - Searching for track: Magdalena Bay - Watching T.V. (Album: Imaginal Disk, Play count: 6)
2024-10-13 17:33:14,748 - INFO - Found exact match: Magdalena Bay - Watching T.V. (Imaginal Disk)
2024-10-13 17:33:14,748 - INFO - Searching for track: Magdalena Bay - Death & Romance (Album: Imaginal Disk, Play count: 6)
2024-10-13 17:33:14,923 - INFO - Found exact match: Magdalena Bay - Death & Romance (Imaginal Disk)
2024-10-13 17:33:14,923 - INFO - Searching for track: Gorillaz - On Melancholy Hill (Album: Plastic Beach, Play count: 6)
2024-10-13 17:33:15,113 - INFO - Found exact match: Gorillaz - On Melancholy Hill (Plastic Beach)
2024-10-13 17:33:15,113 - INFO - Searching for track: Barry Can't Swim - Sunsleeper (Album: When Will We Land?, Play count: 6)
2024-10-13 17:33:15,303 - INFO - Found exact match: Barry Can't Swim - Sunsleeper (When Will We Land?)
2024-10-13 17:33:15,304 - INFO - Searching for track: Radiohead - Let Down (Album: OK Computer, Play count: 6)
2024-10-13 17:33:15,453 - INFO - Found exact match: Radiohead - Let Down (OK Computer)
2024-10-13 17:33:15,453 - INFO - Searching for track: Charli xcx - I think about it all the time (Album: BRAT, Play count: 6)
2024-10-13 17:33:15,627 - INFO - Found exact match: Charli xcx - I think about it all the time (BRAT)
2024-10-13 17:33:15,627 - INFO - Searching for track: Charli XCX - Everything is romantic (Album: BRAT, Play count: 6)
2024-10-13 17:33:15,764 - INFO - Found exact match: Charli xcx - Everything is romantic (BRAT)
2024-10-13 17:33:16,385 - INFO - Found existing playlist by ID: Bobby's Hot 💯
2024-10-13 17:33:16,386 - INFO - Updating playlist 5iFg7DdS2m8XV8kmQqg4SU with 100 tracks
2024-10-13 17:33:16,636 - INFO - Playlist update completed with randomized order
2024-10-13 17:33:16,636 - INFO - Playlist 'Bobby's Hot 💯' updated with 100 tracks in random order.
2024-10-13 17:33:17,243 - INFO - Playlist link: https://open.spotify.com/playlist/5iFg7DdS2m8XV8kmQqg4SU
