2024-10-11 17:20:11,632 - INFO - Starting main process
2024-10-11 17:20:11,632 - INFO - Running lastfm_spotify_liker.py
2024-10-11 17:20:14,246 - INFO - lastfm_spotify_liker.py completed successfully
2024-10-11 17:20:14,247 - INFO - Running album_saver.py
2024-10-11 17:22:17,896 - INFO - Starting main process
2024-10-11 17:22:17,896 - INFO - Running lastfm_spotify_liker.py
2024-10-11 17:22:21,921 - INFO - lastfm_spotify_liker.py completed successfully
2024-10-11 17:22:21,921 - INFO - Running album_saver.py
2024-10-11 17:22:50,982 - INFO - Starting main process
2024-10-11 17:22:50,983 - INFO - Running lastfm_spotify_liker.py
2024-10-11 17:22:53,455 - INFO - lastfm_spotify_liker.py completed successfully
2024-10-11 17:22:53,456 - INFO - Running album_saver.py
2024-10-11 17:26:10,782 - INFO - Starting main process
2024-10-11 17:26:10,782 - INFO - Running lastfm_spotify_liker.py
2024-10-11 17:26:12,874 - INFO - lastfm_spotify_liker.py completed successfully
2024-10-11 17:26:12,875 - INFO - Running album_saver.py
2024-10-11 17:26:37,051 - INFO - Starting main process
2024-10-11 17:26:37,051 - INFO - Running lastfm_spotify_liker.py
2024-10-11 17:26:39,465 - INFO - lastfm_spotify_liker.py completed successfully
2024-10-11 17:26:39,465 - INFO - Running album_saver.py
2024-10-13 14:45:16,335 - INFO - Starting main process
2024-10-13 14:45:16,335 - INFO - Running lastfm_spotify_liker.py
2024-10-13 14:45:18,688 - INFO - lastfm_spotify_liker.py completed successfully
2024-10-13 14:45:18,688 - INFO - Running album_saver.py
2024-10-13 17:23:58,432 - INFO - Starting main process
2024-10-13 17:23:58,433 - INFO - Running lastfm_spotify_liker.py
2024-10-13 17:24:11,645 - INFO - lastfm_spotify_liker.py completed successfully
2024-10-13 17:24:11,646 - INFO - Running album_saver.py
2024-10-13 17:24:13,541 - INFO - album_saver.py completed successfully
2024-10-13 17:24:13,541 - INFO - Running hot_100_playlist.py
2024-10-13 17:24:46,099 - INFO - hot_100_playlist.py completed successfully
2024-10-13 17:24:46,103 - INFO - Main process completed
