2024-10-15 17:07:22,215 - INFO - Searching for albums to remove...
2024-10-15 17:07:22,215 - INFO - Fetching saved albums from Spotify...
2024-10-15 17:07:22,217 - INFO - User authentication requires interaction with your web browser. Once you enter your credentials and give authorization, you will be redirected to a url.  Paste that url you were directed to to complete the authorization.
2024-10-15 17:07:22,773 - INFO - Opened https://accounts.spotify.com/authorize?client_id=b185392384fe41a58742246177d44f46&response_type=code&redirect_uri=http%3A%2F%2Flocalhost%3A8888%2Fcallback&scope=user-library-read+user-library-modify in your browser
2024-10-15 17:07:49,994 - INFO - Marked for removal (Deluxe): HAIM - Days Are Gone (Deluxe Edition)
2024-10-15 17:07:49,995 - INFO - Marked for removal (Deluxe): Fleetwood Mac - Rumours (Super Deluxe)
2024-10-15 17:07:49,995 - INFO - Marked for removal (Deluxe): Elliott Smith - XO (Deluxe Edition)
2024-10-15 17:07:49,995 - INFO - Marked for removal (Deluxe): Nirvana - Nevermind (Deluxe Edition)
2024-10-15 17:07:49,995 - INFO - Marked for removal (Deluxe): Oasis - (What's The Story) Morning Glory? (Deluxe Remastered Edition)
2024-10-15 17:07:49,996 - INFO - Marked for removal (Deluxe): Oasis - (What's The Story) Morning Glory? [Deluxe Edition Remastered]
2024-10-15 17:07:49,996 - INFO - Marked for removal (Deluxe): Talking Heads - Remain in Light (Deluxe Version)
2024-10-15 17:07:49,996 - INFO - Marked for removal (Deluxe): Sonic Youth - Daydream Nation (Deluxe Edition)
2024-10-15 17:07:49,996 - INFO - Marked for removal (Deluxe): Public Enemy - It Takes A Nation Of Millions To Hold Us Back (Deluxe Edition)
2024-10-15 17:07:49,996 - INFO - Marked for removal (Deluxe): The Velvet Underground - The Velvet Underground & Nico 45th Anniversary (Deluxe Edition)
2024-10-15 17:07:49,996 - INFO - Marked for removal (Deluxe): Red Hot Chili Peppers - Californication (Deluxe Edition)
2024-10-15 17:07:49,996 - INFO - Marked for removal (Deluxe): Talking Heads - Fear of Music (Deluxe Version)
2024-10-15 17:07:49,996 - INFO - Marked for removal (Deluxe): Van Morrison - Moondance (Deluxe Edition)
2024-10-15 17:07:49,996 - INFO - Marked for removal (Deluxe): Disclosure - Settle - Deluxe Version
2024-10-15 17:07:49,996 - INFO - Marked for removal (Deluxe): Disclosure - Settle - Deluxe
2024-10-15 17:07:49,997 - INFO - Marked for removal (Deluxe): Taylor Swift - Red (Deluxe Edition)
2024-10-15 17:07:49,997 - INFO - Marked for removal (Deluxe): Amy Winehouse - Back To Black (Deluxe Edition)
2024-10-15 17:07:49,997 - INFO - Marked for removal (Deluxe): JAY-Z - Watch The Throne (Deluxe)
2024-10-15 17:07:49,997 - INFO - Marked for removal (Deluxe): Phoebe Bridgers - Stranger in the Alps (Deluxe Edition)
2024-10-15 17:07:49,997 - INFO - Marked for removal (Deluxe): Ed Sheeran - ÷ (Deluxe)
2024-10-15 17:07:49,997 - INFO - Marked for removal (Deluxe): The Rolling Stones - Goats Head Soup (Deluxe)
2024-10-15 17:07:49,997 - INFO - Marked for removal (Deluxe): HAIM - Days Are Gone (Deluxe Edition)
2024-10-15 17:07:49,997 - INFO - Marked for removal (Deluxe): Fleetwood Mac - Rumours (Super Deluxe)
2024-10-15 17:07:49,997 - INFO - Marked for removal (Deluxe): Elliott Smith - XO (Deluxe Edition)
2024-10-15 17:07:49,997 - INFO - Marked for removal (Deluxe): Nirvana - Nevermind (Deluxe Edition)
2024-10-15 17:07:49,997 - INFO - Marked for removal (Deluxe): Oasis - (What's The Story) Morning Glory? (Deluxe Remastered Edition)
2024-10-15 17:07:49,997 - INFO - Marked for removal (Deluxe): Oasis - (What's The Story) Morning Glory? [Deluxe Edition Remastered]
2024-10-15 17:07:49,997 - INFO - Marked for removal (Deluxe): Kendrick Lamar - good kid, m.A.A.d city (Deluxe)
2024-10-15 17:07:49,998 - INFO - Marked for removal (Deluxe): Talking Heads - Speaking in Tongues (Deluxe Version)
2024-10-15 17:07:49,998 - INFO - Marked for removal (Deluxe): Talking Heads - Remain in Light (Deluxe Version)
2024-10-15 17:07:49,998 - INFO - Marked for removal (Deluxe): Sonic Youth - Daydream Nation (Deluxe Edition)
2024-10-15 17:07:49,998 - INFO - Marked for removal (Deluxe): Public Enemy - It Takes A Nation Of Millions To Hold Us Back (Deluxe Edition)
2024-10-15 17:07:49,998 - INFO - Marked for removal (Deluxe): Eminem - Curtain Call (Deluxe)
2024-10-15 17:07:49,998 - INFO - Marked for removal (Deluxe): Paul McCartney - Pure McCartney (Deluxe Edition)
2024-10-15 17:07:49,998 - INFO - Marked for removal (Deluxe): The Velvet Underground - The Velvet Underground & Nico 45th Anniversary (Deluxe Edition)
2024-10-15 17:07:49,998 - INFO - Marked for removal (Deluxe): Red Hot Chili Peppers - Californication (Deluxe Edition)
2024-10-15 17:07:49,998 - INFO - Marked for removal (Deluxe): Red Hot Chili Peppers - By the Way (Deluxe Edition)
2024-10-15 17:07:49,998 - INFO - Marked for removal (Deluxe): Talking Heads - Fear of Music (Deluxe Version)
2024-10-15 17:07:49,998 - INFO - Marked for removal (Deluxe): Van Morrison - Moondance (Deluxe Edition)
2024-10-15 17:07:49,998 - INFO - Marked for removal (Deluxe): Disclosure - Settle - Deluxe Version
2024-10-15 17:07:49,999 - INFO - Marked for removal (Deluxe): Disclosure - Settle - Deluxe
2024-10-15 17:07:49,999 - INFO - Marked for removal (Deluxe): Run The Jewels - DELETED Run The Jewels (Deluxe European Edition)
2024-10-15 17:07:49,999 - INFO - Marked for removal (Deluxe): Taylor Swift - Red (Deluxe Edition)
2024-10-15 17:07:49,999 - INFO - Marked for removal (Deluxe): Talking Heads - Talking Heads '77 (Deluxe Version)
2024-10-15 17:07:49,999 - INFO - Marked for removal (Deluxe): Amy Winehouse - Back To Black (Deluxe Edition)
2024-10-15 17:07:49,999 - INFO - Marked for removal (Deluxe): Pulp - Different Class / Deluxe Edition
2024-10-15 17:07:49,999 - INFO - Marked for removal (Deluxe): JAY-Z - Watch The Throne (Deluxe)
2024-10-15 17:07:49,999 - INFO - Marked for removal (Deluxe): Phoebe Bridgers - Stranger in the Alps (Deluxe Edition)
2024-10-15 17:07:49,999 - INFO - Marked for removal (Deluxe): Talking Heads - More Songs About Buildings and Food (Deluxe Version)
2024-10-15 17:07:49,999 - INFO - Marked for removal (Deluxe): Paul Simon - Graceland (25th Anniversary Deluxe Edition)
2024-10-15 17:07:49,999 - INFO - Marked for removal (Deluxe): Bob Marley & The Wailers - Legend (Deluxe Edition)
2024-10-15 17:07:49,999 - INFO - Marked for removal (Deluxe): The Stooges - Fun House (Deluxe Edition)
2024-10-15 17:07:50,000 - INFO - Marked for removal (Deluxe): Ed Sheeran - ÷ (Deluxe)
2024-10-15 17:07:50,000 - INFO - Marked for removal (Deluxe): The Who - Who's Next (Deluxe Edition)
2024-10-15 17:07:50,000 - INFO - Marked for removal (Deluxe): Kaiser Chiefs - Yours Truly, Angry Mob (Deluxe)
2024-10-15 17:07:50,000 - INFO - Marked for removal (Deluxe): Red Hot Chili Peppers - Blood Sugar Sex Magik (Deluxe Edition)
2024-10-15 17:07:50,000 - INFO - Found 43 albums to remove.
2024-10-15 17:07:50,000 - INFO - To be removed: HAIM - Days Are Gone (Deluxe Edition)
2024-10-15 17:07:50,000 - INFO - To be removed: Fleetwood Mac - Rumours (Super Deluxe)
2024-10-15 17:07:50,001 - INFO - To be removed: The Clash - London Calling (Remastered)
2024-10-15 17:07:50,001 - INFO - To be removed: Elliott Smith - XO (Deluxe Edition)
2024-10-15 17:07:50,001 - INFO - To be removed: Nirvana - Nevermind (Deluxe Edition)
2024-10-15 17:07:50,001 - INFO - To be removed: Oasis - (What's The Story) Morning Glory? (Deluxe Remastered Edition)
2024-10-15 17:07:50,001 - INFO - To be removed: Oasis - (What's The Story) Morning Glory? [Deluxe Edition Remastered]
2024-10-15 17:07:50,001 - INFO - To be removed: Blondie - Parallel Lines - Remastered
2024-10-15 17:07:50,001 - INFO - To be removed: Talking Heads - Remain in Light (Deluxe Version)
2024-10-15 17:07:50,001 - INFO - To be removed: Pink Floyd - The Dark Side Of The Moon (2011 Remastered Version)
2024-10-15 17:07:50,002 - INFO - To be removed: The Rolling Stones - Let It Bleed (50th Anniversary Edition / Remastered 2019)
2024-10-15 17:07:50,073 - INFO - To be removed: Sonic Youth - Daydream Nation (Deluxe Edition)
2024-10-15 17:07:50,073 - INFO - To be removed: Public Enemy - It Takes A Nation Of Millions To Hold Us Back (Deluxe Edition)
2024-10-15 17:07:50,074 - INFO - To be removed: The Velvet Underground - The Velvet Underground & Nico 45th Anniversary (Deluxe Edition)
2024-10-15 17:07:50,074 - INFO - To be removed: Red Hot Chili Peppers - Californication (Deluxe Edition)
2024-10-15 17:07:50,075 - INFO - To be removed: Elvis Costello & The Attractions - This Year's Model (2021 Remaster)
2024-10-15 17:07:50,082 - INFO - To be removed: Talking Heads - Fear of Music (Deluxe Version)
2024-10-15 17:07:50,086 - INFO - To be removed: Led Zeppelin - Led Zeppelin IV (Remaster)
2024-10-15 17:07:50,086 - INFO - To be removed: Van Morrison - Moondance (Deluxe Edition)
2024-10-15 17:07:50,086 - INFO - To be removed: Disclosure - Settle - Deluxe
2024-10-15 17:07:50,088 - INFO - To be removed: Taylor Swift - Red (Deluxe Edition)
2024-10-15 17:07:50,090 - INFO - To be removed: David Bowie - David Bowie (aka Space Oddity) [2015 Remaster]
2024-10-15 17:07:50,090 - INFO - To be removed: Amy Winehouse - Back To Black (Deluxe Edition)
2024-10-15 17:07:50,091 - INFO - To be removed: JAY-Z - Watch The Throne (Deluxe)
2024-10-15 17:07:50,091 - INFO - To be removed: Phoebe Bridgers - Stranger in the Alps (Deluxe Edition)
2024-10-15 17:07:50,091 - INFO - To be removed: Ed Sheeran - ÷ (Deluxe)
2024-10-15 17:07:50,091 - INFO - To be removed: The Rolling Stones - Goats Head Soup (Deluxe)
2024-10-15 17:07:50,092 - INFO - To be removed: Kendrick Lamar - good kid, m.A.A.d city (Deluxe)
2024-10-15 17:07:50,092 - INFO - To be removed: Talking Heads - Speaking in Tongues (Deluxe Version)
2024-10-15 17:07:50,092 - INFO - To be removed: Eminem - Curtain Call (Deluxe)
2024-10-15 17:07:50,092 - INFO - To be removed: Paul McCartney - Pure McCartney (Deluxe Edition)
2024-10-15 17:07:50,093 - INFO - To be removed: Red Hot Chili Peppers - By the Way (Deluxe Edition)
2024-10-15 17:07:50,093 - INFO - To be removed: Disclosure - Settle - Deluxe Version
2024-10-15 17:07:50,093 - INFO - To be removed: Run The Jewels - DELETED Run The Jewels (Deluxe European Edition)
2024-10-15 17:07:50,094 - INFO - To be removed: Talking Heads - Talking Heads '77 (Deluxe Version)
2024-10-15 17:07:50,094 - INFO - To be removed: Pulp - Different Class / Deluxe Edition
2024-10-15 17:07:50,094 - INFO - To be removed: Talking Heads - More Songs About Buildings and Food (Deluxe Version)
2024-10-15 17:07:50,094 - INFO - To be removed: Paul Simon - Graceland (25th Anniversary Deluxe Edition)
2024-10-15 17:07:50,095 - INFO - To be removed: Bob Marley & The Wailers - Legend (Deluxe Edition)
2024-10-15 17:07:50,095 - INFO - To be removed: The Stooges - Fun House (Deluxe Edition)
2024-10-15 17:07:50,095 - INFO - To be removed: The Who - Who's Next (Deluxe Edition)
2024-10-15 17:07:50,097 - INFO - To be removed: Kaiser Chiefs - Yours Truly, Angry Mob (Deluxe)
2024-10-15 17:07:50,097 - INFO - To be removed: Red Hot Chili Peppers - Blood Sugar Sex Magik (Deluxe Edition)
2024-10-16 16:01:33,421 - INFO - Searching for albums to remove...
2024-10-16 16:01:33,421 - INFO - Fetching saved albums from Spotify...
2024-10-16 16:01:59,569 - INFO - Found 11 albums to remove.
2024-10-16 16:01:59,569 - INFO - To be removed: Bon Iver - 22, A Million
2024-10-16 16:01:59,570 - INFO - To be removed: BOSS Night - Jamie Webster - BOSS
2024-10-16 16:01:59,570 - INFO - To be removed: Radiohead - In Rainbows
2024-10-16 16:01:59,570 - INFO - To be removed: Radiohead - OK Computer
2024-10-16 16:01:59,570 - INFO - To be removed: Arcade Fire - Funeral
2024-10-16 16:01:59,570 - INFO - To be removed: Bon Iver - For Emma, Forever Ago
2024-10-16 16:01:59,570 - INFO - To be removed: The Strokes - Is This It
2024-10-16 16:01:59,570 - INFO - To be removed: Radiohead - OK Computer OKNOTOK 1997 2017
2024-10-16 16:01:59,571 - INFO - To be removed: Neutral Milk Hotel - In the Aeroplane Over the Sea
2024-10-16 16:01:59,571 - INFO - To be removed: Yard Act - Where’s My Utopia?
2024-10-16 16:01:59,571 - INFO - To be removed: Grimes - Visions
2024-10-16 16:02:51,711 - INFO - Removed: Bon Iver - 22, A Million
2024-10-16 16:02:51,716 - INFO - Removed: BOSS Night - Jamie Webster - BOSS
2024-10-16 16:02:51,720 - INFO - Removed: Radiohead - In Rainbows
2024-10-16 16:02:51,722 - INFO - Removed: Radiohead - OK Computer
2024-10-16 16:02:51,726 - INFO - Removed: Arcade Fire - Funeral
2024-10-16 16:02:51,729 - INFO - Removed: Bon Iver - For Emma, Forever Ago
2024-10-16 16:02:51,731 - INFO - Removed: The Strokes - Is This It
2024-10-16 16:02:51,733 - INFO - Removed: Radiohead - OK Computer OKNOTOK 1997 2017
2024-10-16 16:02:51,736 - INFO - Removed: Neutral Milk Hotel - In the Aeroplane Over the Sea
2024-10-16 16:02:51,738 - INFO - Removed: Yard Act - Where’s My Utopia?
2024-10-16 16:02:51,741 - INFO - Removed: Grimes - Visions
2024-10-16 16:02:51,847 - INFO - Total albums removed: 11
2024-10-16 16:02:51,847 - INFO - Album removal process completed.
2024-10-16 16:02:54,812 - INFO - Searching for albums to remove...
2024-10-16 16:02:54,812 - INFO - Fetching saved albums from Spotify...
2024-10-16 16:03:19,421 - INFO - No albums to remove found in your library.
